STAR version=                 2.7.2a
STAR compilation time,server,dir=__REDACTED__
##### Command Line:
STAR --runMode genomeGenerate --genomeDir /home/mateusz/projects/ifpan-janrod-spatial/corrected-reference/star --runThreadN 1 --genomeFastaFiles /home/mateusz/projects/ifpan-janrod-spatial/corrected-reference/fasta/genome.fa --sjdbGTFfile /home/mateusz/projects/ifpan-janrod-spatial/corrected-reference/genes/genes.gtf --limitGenomeGenerateRAM 17179869184 --genomeSAsparseD 3 --genomeSAindexNbases 14 --genomeChrBinNbits 18
##### Initial USER parameters from Command Line:
###### All USER parameters from Command Line:
runMode                       genomeGenerate     ~RE-DEFINED
genomeDir                     /home/mateusz/projects/ifpan-janrod-spatial/corrected-reference/star     ~RE-DEFINED
runThreadN                    1     ~RE-DEFINED
genomeFastaFiles              /home/mateusz/projects/ifpan-janrod-spatial/corrected-reference/fasta/genome.fa        ~RE-DEFINED
sjdbGTFfile                   /home/mateusz/projects/ifpan-janrod-spatial/corrected-reference/genes/genes.gtf     ~RE-DEFINED
limitGenomeGenerateRAM        17179869184     ~RE-DEFINED
genomeSAsparseD               3     ~RE-DEFINED
genomeSAindexNbases           14     ~RE-DEFINED
genomeChrBinNbits             18     ~RE-DEFINED
##### Finished reading parameters from all sources

##### Final user re-defined parameters-----------------:
runMode                           genomeGenerate
runThreadN                        1
genomeDir                         /home/mateusz/projects/ifpan-janrod-spatial/corrected-reference/star
genomeFastaFiles                  /home/mateusz/projects/ifpan-janrod-spatial/corrected-reference/fasta/genome.fa   
genomeSAindexNbases               14
genomeChrBinNbits                 18
genomeSAsparseD                   3
limitGenomeGenerateRAM            17179869184
sjdbGTFfile                       /home/mateusz/projects/ifpan-janrod-spatial/corrected-reference/genes/genes.gtf

-------------------------------
##### Final effective command line:
STAR   --runMode genomeGenerate   --runThreadN 1   --genomeDir /home/mateusz/projects/ifpan-janrod-spatial/corrected-reference/star   --genomeFastaFiles /home/mateusz/projects/ifpan-janrod-spatial/corrected-reference/fasta/genome.fa      --genomeSAindexNbases 14   --genomeChrBinNbits 18   --genomeSAsparseD 3   --limitGenomeGenerateRAM 17179869184   --sjdbGTFfile /home/mateusz/projects/ifpan-janrod-spatial/corrected-reference/genes/genes.gtf
----------------------------------------

Finished loading and checking parameters
Jul 04 07:58:26 ... starting to generate Genome files
/home/mateusz/projects/ifpan-janrod-spatial/corrected-reference/fasta/genome.fa : chr # 0  "chr1" chrStart: 0
/home/mateusz/projects/ifpan-janrod-spatial/corrected-reference/fasta/genome.fa : chr # 1  "chr10" chrStart: 195559424
/home/mateusz/projects/ifpan-janrod-spatial/corrected-reference/fasta/genome.fa : chr # 2  "chr11" chrStart: 326369280
/home/mateusz/projects/ifpan-janrod-spatial/corrected-reference/fasta/genome.fa : chr # 3  "chr12" chrStart: 448528384
/home/mateusz/projects/ifpan-janrod-spatial/corrected-reference/fasta/genome.fa : chr # 4  "chr13" chrStart: 568852480
/home/mateusz/projects/ifpan-janrod-spatial/corrected-reference/fasta/genome.fa : chr # 5  "chr14" chrStart: 689438720
/home/mateusz/projects/ifpan-janrod-spatial/corrected-reference/fasta/genome.fa : chr # 6  "chr15" chrStart: 814481408
/home/mateusz/projects/ifpan-janrod-spatial/corrected-reference/fasta/genome.fa : chr # 7  "chr16" chrStart: 918552576
/home/mateusz/projects/ifpan-janrod-spatial/corrected-reference/fasta/genome.fa : chr # 8  "chr17" chrStart: 1016856576
/home/mateusz/projects/ifpan-janrod-spatial/corrected-reference/fasta/genome.fa : chr # 9  "chr18" chrStart: 1112014848
/home/mateusz/projects/ifpan-janrod-spatial/corrected-reference/fasta/genome.fa : chr # 10  "chr19" chrStart: 1202978816
/home/mateusz/projects/ifpan-janrod-spatial/corrected-reference/fasta/genome.fa : chr # 11  "chr2" chrStart: 1264582656
/home/mateusz/projects/ifpan-janrod-spatial/corrected-reference/fasta/genome.fa : chr # 12  "chr3" chrStart: 1446772736
/home/mateusz/projects/ifpan-janrod-spatial/corrected-reference/fasta/genome.fa : chr # 13  "chr4" chrStart: 1606942720
/home/mateusz/projects/ifpan-janrod-spatial/corrected-reference/fasta/genome.fa : chr # 14  "chr5" chrStart: 1763704832
/home/mateusz/projects/ifpan-janrod-spatial/corrected-reference/fasta/genome.fa : chr # 15  "chr6" chrStart: 1915748352
/home/mateusz/projects/ifpan-janrod-spatial/corrected-reference/fasta/genome.fa : chr # 16  "chr7" chrStart: 2065694720
/home/mateusz/projects/ifpan-janrod-spatial/corrected-reference/fasta/genome.fa : chr # 17  "chr8" chrStart: 2211184640
/home/mateusz/projects/ifpan-janrod-spatial/corrected-reference/fasta/genome.fa : chr # 18  "chr9" chrStart: 2340683776
/home/mateusz/projects/ifpan-janrod-spatial/corrected-reference/fasta/genome.fa : chr # 19  "chrM" chrStart: 2465464320
/home/mateusz/projects/ifpan-janrod-spatial/corrected-reference/fasta/genome.fa : chr # 20  "chrX" chrStart: 2465726464
/home/mateusz/projects/ifpan-janrod-spatial/corrected-reference/fasta/genome.fa : chr # 21  "chrY" chrStart: 2636906496
/home/mateusz/projects/ifpan-janrod-spatial/corrected-reference/fasta/genome.fa : chr # 22  "JH584299.1" chrStart: 2728656896
/home/mateusz/projects/ifpan-janrod-spatial/corrected-reference/fasta/genome.fa : chr # 23  "GL456233.1" chrStart: 2729705472
/home/mateusz/projects/ifpan-janrod-spatial/corrected-reference/fasta/genome.fa : chr # 24  "JH584301.1" chrStart: 2730229760
/home/mateusz/projects/ifpan-janrod-spatial/corrected-reference/fasta/genome.fa : chr # 25  "GL456211.1" chrStart: 2730491904
/home/mateusz/projects/ifpan-janrod-spatial/corrected-reference/fasta/genome.fa : chr # 26  "GL456350.1" chrStart: 2730754048
/home/mateusz/projects/ifpan-janrod-spatial/corrected-reference/fasta/genome.fa : chr # 27  "JH584293.1" chrStart: 2731016192
/home/mateusz/projects/ifpan-janrod-spatial/corrected-reference/fasta/genome.fa : chr # 28  "GL456221.1" chrStart: 2731278336
/home/mateusz/projects/ifpan-janrod-spatial/corrected-reference/fasta/genome.fa : chr # 29  "JH584297.1" chrStart: 2731540480
/home/mateusz/projects/ifpan-janrod-spatial/corrected-reference/fasta/genome.fa : chr # 30  "JH584296.1" chrStart: 2731802624
/home/mateusz/projects/ifpan-janrod-spatial/corrected-reference/fasta/genome.fa : chr # 31  "GL456354.1" chrStart: 2732064768
/home/mateusz/projects/ifpan-janrod-spatial/corrected-reference/fasta/genome.fa : chr # 32  "JH584294.1" chrStart: 2732326912
/home/mateusz/projects/ifpan-janrod-spatial/corrected-reference/fasta/genome.fa : chr # 33  "JH584298.1" chrStart: 2732589056
/home/mateusz/projects/ifpan-janrod-spatial/corrected-reference/fasta/genome.fa : chr # 34  "JH584300.1" chrStart: 2732851200
/home/mateusz/projects/ifpan-janrod-spatial/corrected-reference/fasta/genome.fa : chr # 35  "GL456219.1" chrStart: 2733113344
/home/mateusz/projects/ifpan-janrod-spatial/corrected-reference/fasta/genome.fa : chr # 36  "GL456210.1" chrStart: 2733375488
/home/mateusz/projects/ifpan-janrod-spatial/corrected-reference/fasta/genome.fa : chr # 37  "JH584303.1" chrStart: 2733637632
/home/mateusz/projects/ifpan-janrod-spatial/corrected-reference/fasta/genome.fa : chr # 38  "JH584302.1" chrStart: 2733899776
/home/mateusz/projects/ifpan-janrod-spatial/corrected-reference/fasta/genome.fa : chr # 39  "GL456212.1" chrStart: 2734161920
/home/mateusz/projects/ifpan-janrod-spatial/corrected-reference/fasta/genome.fa : chr # 40  "JH584304.1" chrStart: 2734424064
/home/mateusz/projects/ifpan-janrod-spatial/corrected-reference/fasta/genome.fa : chr # 41  "GL456379.1" chrStart: 2734686208
/home/mateusz/projects/ifpan-janrod-spatial/corrected-reference/fasta/genome.fa : chr # 42  "GL456216.1" chrStart: 2734948352
/home/mateusz/projects/ifpan-janrod-spatial/corrected-reference/fasta/genome.fa : chr # 43  "GL456393.1" chrStart: 2735210496
/home/mateusz/projects/ifpan-janrod-spatial/corrected-reference/fasta/genome.fa : chr # 44  "GL456366.1" chrStart: 2735472640
/home/mateusz/projects/ifpan-janrod-spatial/corrected-reference/fasta/genome.fa : chr # 45  "GL456367.1" chrStart: 2735734784
/home/mateusz/projects/ifpan-janrod-spatial/corrected-reference/fasta/genome.fa : chr # 46  "GL456239.1" chrStart: 2735996928
/home/mateusz/projects/ifpan-janrod-spatial/corrected-reference/fasta/genome.fa : chr # 47  "GL456213.1" chrStart: 2736259072
/home/mateusz/projects/ifpan-janrod-spatial/corrected-reference/fasta/genome.fa : chr # 48  "GL456383.1" chrStart: 2736521216
/home/mateusz/projects/ifpan-janrod-spatial/corrected-reference/fasta/genome.fa : chr # 49  "GL456385.1" chrStart: 2736783360
/home/mateusz/projects/ifpan-janrod-spatial/corrected-reference/fasta/genome.fa : chr # 50  "GL456360.1" chrStart: 2737045504
/home/mateusz/projects/ifpan-janrod-spatial/corrected-reference/fasta/genome.fa : chr # 51  "GL456378.1" chrStart: 2737307648
/home/mateusz/projects/ifpan-janrod-spatial/corrected-reference/fasta/genome.fa : chr # 52  "GL456389.1" chrStart: 2737569792
/home/mateusz/projects/ifpan-janrod-spatial/corrected-reference/fasta/genome.fa : chr # 53  "GL456372.1" chrStart: 2737831936
/home/mateusz/projects/ifpan-janrod-spatial/corrected-reference/fasta/genome.fa : chr # 54  "GL456370.1" chrStart: 2738094080
/home/mateusz/projects/ifpan-janrod-spatial/corrected-reference/fasta/genome.fa : chr # 55  "GL456381.1" chrStart: 2738356224
/home/mateusz/projects/ifpan-janrod-spatial/corrected-reference/fasta/genome.fa : chr # 56  "GL456387.1" chrStart: 2738618368
/home/mateusz/projects/ifpan-janrod-spatial/corrected-reference/fasta/genome.fa : chr # 57  "GL456390.1" chrStart: 2738880512
/home/mateusz/projects/ifpan-janrod-spatial/corrected-reference/fasta/genome.fa : chr # 58  "GL456394.1" chrStart: 2739142656
/home/mateusz/projects/ifpan-janrod-spatial/corrected-reference/fasta/genome.fa : chr # 59  "GL456392.1" chrStart: 2739404800
/home/mateusz/projects/ifpan-janrod-spatial/corrected-reference/fasta/genome.fa : chr # 60  "GL456382.1" chrStart: 2739666944
/home/mateusz/projects/ifpan-janrod-spatial/corrected-reference/fasta/genome.fa : chr # 61  "GL456359.1" chrStart: 2739929088
/home/mateusz/projects/ifpan-janrod-spatial/corrected-reference/fasta/genome.fa : chr # 62  "GL456396.1" chrStart: 2740191232
/home/mateusz/projects/ifpan-janrod-spatial/corrected-reference/fasta/genome.fa : chr # 63  "GL456368.1" chrStart: 2740453376
/home/mateusz/projects/ifpan-janrod-spatial/corrected-reference/fasta/genome.fa : chr # 64  "JH584292.1" chrStart: 2740715520
/home/mateusz/projects/ifpan-janrod-spatial/corrected-reference/fasta/genome.fa : chr # 65  "JH584295.1" chrStart: 2740977664
Estimated genome size=2942239808   2741239808   201000000
GstrandBit=32
Number of SA indices: 1768522310
Jul 04 07:59:24 ... starting to sort Suffix Array. This may take a long time...
Number of chunks: 3;   chunks size limit: 7018421736 bytes
Jul 04 07:59:29 ... sorting Suffix Array chunks and saving them to disk...
Writing 6970593960 bytes into /home/mateusz/projects/ifpan-janrod-spatial/corrected-reference/star/SA_0 ; empty space on disk = 27754766544896 bytes ... done
Writing 7007240728 bytes into /home/mateusz/projects/ifpan-janrod-spatial/corrected-reference/star/SA_1 ; empty space on disk = 27747795955712 bytes ... done
Writing 170343792 bytes into /home/mateusz/projects/ifpan-janrod-spatial/corrected-reference/star/SA_2 ; empty space on disk = 27740788707328 bytes ... done
Jul 04 08:22:04 ... loading chunks from disk, packing SA...
Jul 04 08:22:32 ... finished generating suffix array
Jul 04 08:22:32 ... generating Suffix Array index
Jul 04 08:24:20 ... completed Suffix Array index
Jul 04 08:24:20 ..... processing annotations GTF
Processing pGe.sjdbGTFfile=/home/mateusz/projects/ifpan-janrod-spatial/corrected-reference/genes/genes.gtf, found:
		15063 transcripts
		15063 exons (non-collapsed)
		0 collapsed junctions
Jul 04 08:24:20 ..... finished GTF processing
Jul 04 08:24:20   Loaded database junctions from the GTF file: /home/mateusz/projects/ifpan-janrod-spatial/corrected-reference/genes/genes.gtf: 0 total junctions

Jul 04 08:24:20   Finished preparing junctions
Jul 04 08:24:20 ..... finished inserting junctions into genome
Jul 04 08:24:20 ... writing Genome to disk ...
Writing 2741239808 bytes into /home/mateusz/projects/ifpan-janrod-spatial/corrected-reference/star/Genome ; empty space on disk = 27754764005376 bytes ... done
SA size in bytes: 7295154532
Jul 04 08:24:21 ... writing Suffix Array to disk ...
Writing 7295154532 bytes into /home/mateusz/projects/ifpan-janrod-spatial/corrected-reference/star/SA ; empty space on disk = 27752022765568 bytes ... done
Jul 04 08:24:25 ... writing SAindex to disk
Writing 8 bytes into /home/mateusz/projects/ifpan-janrod-spatial/corrected-reference/star/SAindex ; empty space on disk = 27744727609344 bytes ... done
Writing 120 bytes into /home/mateusz/projects/ifpan-janrod-spatial/corrected-reference/star/SAindex ; empty space on disk = 27744727609344 bytes ... done
Writing 1565873491 bytes into /home/mateusz/projects/ifpan-janrod-spatial/corrected-reference/star/SAindex ; empty space on disk = 27744727609344 bytes ... done
Jul 04 08:24:27 ..... finished successfully
DONE: Genome generation, EXITING
